<?xml version="1.0" encoding="UTF-8"?>
<!-- Generated by org.testng.reporters.JUnitReportReporter -->
<testsuite hostname="Farghali" failures="0" tests="2" name="Tests.CreateNewProduct" time="88.595" errors="0" timestamp="2022-04-18T01:55:46 EET" skipped="0">
  <testcase classname="Tests.CreateNewProduct" name="test3" time="41.789"/>
  <system-out/>
  <testcase classname="Tests.CreateNewProduct" name="test4" time="46.806"/>
  <system-out/>
</testsuite> <!-- Tests.CreateNewProduct -->
