<?xml version="1.0" encoding="UTF-8"?>
<!-- Generated by org.testng.reporters.JUnitReportReporter -->
<testsuite hostname="Farghali" failures="0" tests="1" name="Tests.CreateNewProduct" time="74.923" errors="0" timestamp="2022-04-14T03:12:16 EET" skipped="0">
  <testcase classname="Tests.CreateNewProduct" name="test3" time="74.923"/>
  <system-out/>
</testsuite> <!-- Tests.CreateNewProduct -->
